*** CACHE SETTINGS ***
  Unified I- D-cache
  Size: 	8192
  Associativity: 	1
  Block size: 	16
  Write policy: 	WRITE BACK
  Allocation policy: 	WRITE ALLOCATE
processed 100000 references
processed 200000 references
processed 300000 references
processed 400000 references
processed 500000 references
processed 600000 references
processed 700000 references
processed 800000 references
processed 900000 references
processed 1000000 references

*** CACHE STATISTICS ***
 INSTRUCTIONS
  accesses:  757341
  misses:    26164
  miss rate: 0.0345 (hit rate 0.9655)
  replace:   24809
 DATA
  accesses:  242661
  misses:    11894
  miss rate: 0.0490 (hit rate 0.9510)
  replace:   11201
 TRAFFIC (in words)
  demand fetch:  152232
  copies back:   22400
