*** CACHE SETTINGS ***
  Unified I- D-cache
  Size: 	256
  Associativity: 	1
  Block size: 	16
  Write policy: 	WRITE BACK
  Allocation policy: 	WRITE ALLOCATE

*** CACHE STATISTICS ***
 INSTRUCTIONS
  accesses:  6920
  misses:    663
  miss rate: 0.0958 (hit rate 0.9042)
  replace:   654
 DATA
  accesses:  3080
  misses:    874
  miss rate: 0.2838 (hit rate 0.7162)
  replace:   867
 TRAFFIC (in words)
  demand fetch:  6148
  copies back:   360
*** CACHE SETTINGS ***
  Unified I- D-cache
  Size: 	512
  Associativity: 	1
  Block size: 	16
  Write policy: 	WRITE BACK
  Allocation policy: 	WRITE ALLOCATE

*** CACHE STATISTICS ***
 INSTRUCTIONS
  accesses:  6920
  misses:    496
  miss rate: 0.0717 (hit rate 0.9283)
  replace:   482
 DATA
  accesses:  3080
  misses:    743
  miss rate: 0.2412 (hit rate 0.7588)
  replace:   725
 TRAFFIC (in words)
  demand fetch:  4956
  copies back:   348
*** CACHE SETTINGS ***
  Split I- D-cache
  I-cache size: 	128
  D-cache size: 	128
  Associativity: 	1
  Block size: 	16
  Write policy: 	WRITE BACK
  Allocation policy: 	WRITE ALLOCATE

*** CACHE STATISTICS ***
 INSTRUCTIONS
  accesses:  6920
  misses:    22
  miss rate: 0.0032 (hit rate 0.9968)
  replace:   0
 DATA
  accesses:  3080
  misses:    312
  miss rate: 0.1013 (hit rate 0.8987)
  replace:   285
 TRAFFIC (in words)
  demand fetch:  1336
  copies back:   300
*** CACHE SETTINGS ***
  Split I- D-cache
  I-cache size: 	256
  D-cache size: 	256
  Associativity: 	1
  Block size: 	16
  Write policy: 	WRITE BACK
  Allocation policy: 	WRITE ALLOCATE

*** CACHE STATISTICS ***
 INSTRUCTIONS
  accesses:  6920
  misses:    22
  miss rate: 0.0032 (hit rate 0.9968)
  replace:   0
 DATA
  accesses:  3080
  misses:    107
  miss rate: 0.0347 (hit rate 0.9653)
  replace:   67
 TRAFFIC (in words)
  demand fetch:  516
  copies back:   64
*** CACHE SETTINGS ***
  Split I- D-cache
  I-cache size: 	1024
  D-cache size: 	1024
  Associativity: 	1
  Block size: 	16
  Write policy: 	WRITE BACK
  Allocation policy: 	WRITE ALLOCATE

*** CACHE STATISTICS ***
 INSTRUCTIONS
  accesses:  6920
  misses:    22
  miss rate: 0.0032 (hit rate 0.9968)
  replace:   0
 DATA
  accesses:  3080
  misses:    60
  miss rate: 0.0195 (hit rate 0.9805)
  replace:   0
 TRAFFIC (in words)
  demand fetch:  328
  copies back:   44
*** CACHE SETTINGS ***
  Split I- D-cache
  I-cache size: 	4096
  D-cache size: 	4096
  Associativity: 	1
  Block size: 	16
  Write policy: 	WRITE BACK
  Allocation policy: 	WRITE ALLOCATE

*** CACHE STATISTICS ***
 INSTRUCTIONS
  accesses:  6920
  misses:    22
  miss rate: 0.0032 (hit rate 0.9968)
  replace:   0
 DATA
  accesses:  3080
  misses:    60
  miss rate: 0.0195 (hit rate 0.9805)
  replace:   0
 TRAFFIC (in words)
  demand fetch:  328
  copies back:   44
*** CACHE SETTINGS ***
  Split I- D-cache
  I-cache size: 	8192
  D-cache size: 	8192
  Associativity: 	1
  Block size: 	16
  Write policy: 	WRITE BACK
  Allocation policy: 	WRITE ALLOCATE

*** CACHE STATISTICS ***
 INSTRUCTIONS
  accesses:  6920
  misses:    22
  miss rate: 0.0032 (hit rate 0.9968)
  replace:   0
 DATA
  accesses:  3080
  misses:    60
  miss rate: 0.0195 (hit rate 0.9805)
  replace:   0
 TRAFFIC (in words)
  demand fetch:  328
  copies back:   44
