*** CACHE SETTINGS ***
  Unified I- D-cache
  Size: 	8192
  Associativity: 	1
  Block size: 	16
  Write policy: 	WRITE BACK
  Allocation policy: 	WRITE ALLOCATE
processed 100000 references
processed 200000 references
processed 300000 references
processed 400000 references
processed 500000 references
processed 600000 references
processed 700000 references
processed 800000 references
processed 900000 references
processed 1000000 references

*** CACHE STATISTICS ***
 INSTRUCTIONS
  accesses:  782764
  misses:    7764
  miss rate: 0.0099 (hit rate 0.9901)
  replace:   6560
 DATA
  accesses:  217237
  misses:    3686
  miss rate: 0.0170 (hit rate 0.9830)
  replace:   3090
 TRAFFIC (in words)
  demand fetch:  45800
  copies back:   6184
